<?xml version="1.0" encoding="UTF-8"?>
<testsuite xmlns:xsi="http://www.w3.org/2001/XMLSchema-instance" xsi:noNamespaceSchemaLocation="https://maven.apache.org/surefire/maven-surefire-plugin/xsd/surefire-test-report-3.0.xsd" version="3.0" name="com.raama.swissre.MainTest" time="0.124" tests="3" errors="0" skipped="0" failures="0">
  <properties>
[...]
</properties>
  <testcase name="testManagerEarnsMore" classname="com.raama.swissre.MainTest" time="0.059">
    <system-out><![CDATA[Manager earning more :  id = 11, % increase = 77.25638259618842
Manager earning more :  id = 1, % increase = 125.43993879112469
Manager earning more :  id = 12, % increase = 80.13304566702627
Manager earning more :  id = 13, % increase = 83.00970873786409
Manager earning more :  id = 7, % increase = 65.7497303128371
Manager earning more :  id = 8, % increase = 68.62639338367494
Manager earning more :  id = 9, % increase = 71.50305645451276
Manager earning more :  id = 10, % increase = 74.37971952535058
]]></system-out>
  </testcase>
  <testcase name="testOption4_hierarchy" classname="com.raama.swissre.MainTest" time="0.011">
    <system-out><![CDATA[Manager more hirarcheey :  id = 502
Manager more hirarcheey :  id = 503
]]></system-out>
  </testcase>
  <testcase name="testMnagerEarnsLess" classname="com.raama.swissre.MainTest" time="0.008">
    <system-out><![CDATA[Manager earning less :  id = 2, % increase = 90.57142857142857
Manager earning less :  id = 3, % increase = 86.13953488372093
Manager earning less :  id = 14, % increase = 52.415584415584405
Manager earning less :  id = 4, % increase = 95.29568994320078
Manager earning less :  id = 5, % increase = 81.9090909090909
Manager earning less :  id = 6, % increase = 77.43283582089549
]]></system-out>
  </testcase>
</testsuite>